Flow report for Demostracao_Altera
Mon Sep 26 12:55:40 2016
Quartus Prime Version 16.0.0 Build 211 04/27/2016 SJ Lite Edition


---------------------
; Table of Contents ;
---------------------
  1. Legal Notice
  2. Flow Summary
  3. Flow Settings
  4. Flow Non-Default Global Settings
  5. Flow Elapsed Time
  6. Flow OS Summary
  7. Flow Log
  8. Flow Messages
  9. Flow Suppressed Messages



----------------
; Legal Notice ;
----------------
Copyright (C) 1991-2016 Altera Corporation. All rights reserved.
Your use of Altera Corporation's design tools, logic functions 
and other software and tools, and its AMPP partner logic 
functions, and any output files from any of the foregoing 
(including device programming or simulation files), and any 
associated documentation or information are expressly subject 
to the terms and conditions of the Altera Program License 
Subscription Agreement, the Altera Quartus Prime License Agreement,
the Altera MegaCore Function License Agreement, or other 
applicable license agreement, including, without limitation, 
that your use is for the sole purpose of programming logic 
devices manufactured by Altera and sold by Altera or its 
authorized distributors.  Please refer to the applicable 
agreement for further details.



+-------------------------------------------------------------------------------+
; Flow Summary                                                                  ;
+---------------------------------+---------------------------------------------+
; Flow Status                     ; Successful - Mon Sep 26 12:55:40 2016       ;
; Quartus Prime Version           ; 16.0.0 Build 211 04/27/2016 SJ Lite Edition ;
; Revision Name                   ; Demostracao_Altera                          ;
; Top-level Entity Name           ; demo_qsys                                   ;
; Family                          ; Cyclone V                                   ;
; Device                          ; 5CSXFC6C6U23C8ES                            ;
; Timing Models                   ; Preliminary                                 ;
; Logic utilization (in ALMs)     ; 1,350 / 41,910 ( 3 % )                      ;
; Total registers                 ; 2112                                        ;
; Total pins                      ; 146 / 342 ( 43 % )                          ;
; Total virtual pins              ; 0                                           ;
; Total block memory bits         ; 33,280 / 5,662,720 ( < 1 % )                ;
; Total DSP Blocks                ; 0 / 112 ( 0 % )                             ;
; Total HSSI RX PCSs              ; 0 / 6 ( 0 % )                               ;
; Total HSSI PMA RX Deserializers ; 0 / 6 ( 0 % )                               ;
; Total HSSI TX PCSs              ; 0 / 6 ( 0 % )                               ;
; Total HSSI PMA TX Serializers   ; 0 / 6 ( 0 % )                               ;
; Total PLLs                      ; 0 / 12 ( 0 % )                              ;
; Total DLLs                      ; 1 / 4 ( 25 % )                              ;
+---------------------------------+---------------------------------------------+


+-----------------------------------------+
; Flow Settings                           ;
+-------------------+---------------------+
; Option            ; Setting             ;
+-------------------+---------------------+
; Start date & time ; 09/26/2016 12:42:01 ;
; Main task         ; Compilation         ;
; Revision Name     ; Demostracao_Altera  ;
+-------------------+---------------------+


+---------------------------------------------------------------------------------------------------------------------------------------------------------------------------------------+
; Flow Non-Default Global Settings                                                                                                                                                      ;
+---------------------------------------+-------------------------------------------------------------------------+--------------------+-------------------------------+----------------+
; Assignment Name                       ; Value                                                                   ; Default Value      ; Entity Name                   ; Section Id     ;
+---------------------------------------+-------------------------------------------------------------------------+--------------------+-------------------------------+----------------+
; COMPILER_SIGNATURE_ID                 ; 8796762087629.147490452000944                                           ; --                 ; --                            ; --             ;
; ECO_REGENERATE_REPORT                 ; On                                                                      ; Off                ; --                            ; --             ;
; EDA_OUTPUT_DATA_FORMAT                ; Vhdl                                                                    ; --                 ; --                            ; eda_simulation ;
; EDA_SIMULATION_TOOL                   ; ModelSim-Altera (VHDL)                                                  ; <None>             ; --                            ; --             ;
; EDA_TIME_SCALE                        ; 1 ps                                                                    ; --                 ; --                            ; eda_simulation ;
; HPS_ISW_FILE                          ; demo_qsys/synthesis/submodules/sequencer/alt_types.pre.h                ; --                 ; demo_qsys_hps_0_hps_io_border ; --             ;
; HPS_ISW_FILE                          ; demo_qsys/synthesis/submodules/sequencer/emif.pre.xml                   ; --                 ; demo_qsys_hps_0_hps_io_border ; --             ;
; HPS_ISW_FILE                          ; demo_qsys/synthesis/submodules/sequencer/sdram_io.pre.h                 ; --                 ; demo_qsys_hps_0_hps_io_border ; --             ;
; HPS_ISW_FILE                          ; demo_qsys/synthesis/submodules/sequencer/sequencer.pre.c                ; --                 ; demo_qsys_hps_0_hps_io_border ; --             ;
; HPS_ISW_FILE                          ; demo_qsys/synthesis/submodules/sequencer/sequencer.pre.h                ; --                 ; demo_qsys_hps_0_hps_io_border ; --             ;
; HPS_ISW_FILE                          ; demo_qsys/synthesis/submodules/sequencer/sequencer_auto.pre.h           ; --                 ; demo_qsys_hps_0_hps_io_border ; --             ;
; HPS_ISW_FILE                          ; demo_qsys/synthesis/submodules/sequencer/sequencer_auto_ac_init.pre.c   ; --                 ; demo_qsys_hps_0_hps_io_border ; --             ;
; HPS_ISW_FILE                          ; demo_qsys/synthesis/submodules/sequencer/sequencer_auto_inst_init.pre.c ; --                 ; demo_qsys_hps_0_hps_io_border ; --             ;
; HPS_ISW_FILE                          ; demo_qsys/synthesis/submodules/sequencer/sequencer_defines.pre.h        ; --                 ; demo_qsys_hps_0_hps_io_border ; --             ;
; HPS_ISW_FILE                          ; demo_qsys/synthesis/submodules/sequencer/system.pre.h                   ; --                 ; demo_qsys_hps_0_hps_io_border ; --             ;
; HPS_ISW_FILE                          ; demo_qsys/synthesis/submodules/sequencer/tclrpt.pre.c                   ; --                 ; demo_qsys_hps_0_hps_io_border ; --             ;
; HPS_ISW_FILE                          ; demo_qsys/synthesis/submodules/sequencer/tclrpt.pre.h                   ; --                 ; demo_qsys_hps_0_hps_io_border ; --             ;
; HPS_ISW_FILE                          ; demo_qsys/synthesis/submodules/hps.pre.xml                              ; --                 ; demo_qsys_hps_0_hps_io_border ; --             ;
; HPS_PARTITION                         ; On                                                                      ; --                 ; demo_qsys_hps_0_hps_io_border ; --             ;
; MAX_CORE_JUNCTION_TEMP                ; 85                                                                      ; --                 ; --                            ; --             ;
; MIN_CORE_JUNCTION_TEMP                ; 0                                                                       ; --                 ; --                            ; --             ;
; MISC_FILE                             ; demo_qsys/synthesis/../demo_qsys.cmp                                    ; --                 ; --                            ; --             ;
; MISC_FILE                             ; demo_qsys/synthesis/../../F                                             ; --                 ; --                            ; --             ;
; MISC_FILE                             ; demo_qsys/synthesis/demo_qsys_hps_0_hps.svd                             ; --                 ; --                            ; --             ;
; MISC_FILE                             ; demo_qsys/synthesis/../../demo_qsys.qsys                                ; --                 ; --                            ; --             ;
; MISC_FILE                             ; demo_qsys/synthesis/submodules/sequencer/alt_types.pre.h                ; --                 ; --                            ; --             ;
; MISC_FILE                             ; demo_qsys/synthesis/submodules/sequencer/emif.pre.xml                   ; --                 ; --                            ; --             ;
; MISC_FILE                             ; demo_qsys/synthesis/submodules/sequencer/sdram_io.pre.h                 ; --                 ; --                            ; --             ;
; MISC_FILE                             ; demo_qsys/synthesis/submodules/sequencer/sequencer.pre.c                ; --                 ; --                            ; --             ;
; MISC_FILE                             ; demo_qsys/synthesis/submodules/sequencer/sequencer.pre.h                ; --                 ; --                            ; --             ;
; MISC_FILE                             ; demo_qsys/synthesis/submodules/sequencer/sequencer_auto.pre.h           ; --                 ; --                            ; --             ;
; MISC_FILE                             ; demo_qsys/synthesis/submodules/sequencer/sequencer_auto_ac_init.pre.c   ; --                 ; --                            ; --             ;
; MISC_FILE                             ; demo_qsys/synthesis/submodules/sequencer/sequencer_auto_inst_init.pre.c ; --                 ; --                            ; --             ;
; MISC_FILE                             ; demo_qsys/synthesis/submodules/sequencer/sequencer_defines.pre.h        ; --                 ; --                            ; --             ;
; MISC_FILE                             ; demo_qsys/synthesis/submodules/sequencer/system.pre.h                   ; --                 ; --                            ; --             ;
; MISC_FILE                             ; demo_qsys/synthesis/submodules/sequencer/tclrpt.pre.c                   ; --                 ; --                            ; --             ;
; MISC_FILE                             ; demo_qsys/synthesis/submodules/sequencer/tclrpt.pre.h                   ; --                 ; --                            ; --             ;
; MISC_FILE                             ; demo_qsys/synthesis/submodules/hps.pre.xml                              ; --                 ; --                            ; --             ;
; PARTITION_COLOR                       ; 16764057                                                                ; --                 ; demo_qsys                     ; Top            ;
; PARTITION_FITTER_PRESERVATION_LEVEL   ; PLACEMENT_AND_ROUTING                                                   ; --                 ; demo_qsys                     ; Top            ;
; PARTITION_NETLIST_TYPE                ; SOURCE                                                                  ; --                 ; demo_qsys                     ; Top            ;
; POWER_BOARD_THERMAL_MODEL             ; None (CONSERVATIVE)                                                     ; --                 ; --                            ; --             ;
; POWER_PRESET_COOLING_SOLUTION         ; 23 MM HEAT SINK WITH 200 LFPM AIRFLOW                                   ; --                 ; --                            ; --             ;
; PROJECT_OUTPUT_DIRECTORY              ; output_files                                                            ; --                 ; --                            ; --             ;
; SLD_FILE                              ; demo_qsys/synthesis/demo_qsys.regmap                                    ; --                 ; --                            ; --             ;
; SLD_FILE                              ; demo_qsys/synthesis/demo_qsys.debuginfo                                 ; --                 ; --                            ; --             ;
; SLD_INFO                              ; QSYS_NAME demo_qsys HAS_SOPCINFO 1 GENERATION_ID 1474652780             ; --                 ; demo_qsys                     ; --             ;
; SOPCINFO_FILE                         ; demo_qsys/synthesis/../../demo_qsys.sopcinfo                            ; --                 ; --                            ; --             ;
; SYNTHESIS_ONLY_QIP                    ; On                                                                      ; --                 ; --                            ; --             ;
; TOP_LEVEL_ENTITY                      ; demo_qsys                                                               ; Demostracao_Altera ; --                            ; --             ;
; USE_DLL_FREQUENCY_FOR_DQS_DELAY_CHAIN ; On                                                                      ; Off                ; --                            ; --             ;
+---------------------------------------+-------------------------------------------------------------------------+--------------------+-------------------------------+----------------+


+-------------------------------------------------------------------------------------------------------------------------------+
; Flow Elapsed Time                                                                                                             ;
+---------------------------+--------------+-------------------------+---------------------+------------------------------------+
; Module Name               ; Elapsed Time ; Average Processors Used ; Peak Virtual Memory ; Total CPU Time (on all processors) ;
+---------------------------+--------------+-------------------------+---------------------+------------------------------------+
; Analysis & Synthesis      ; 00:01:55     ; 1.0                     ; 1229 MB             ; 00:01:56                           ;
; Fitter                    ; 00:04:55     ; 1.1                     ; 3159 MB             ; 00:08:09                           ;
; Assembler                 ; 00:00:30     ; 1.0                     ; 975 MB              ; 00:00:23                           ;
; TimeQuest Timing Analyzer ; 00:01:18     ; 1.2                     ; 2032 MB             ; 00:01:23                           ;
; EDA Netlist Writer        ; 00:00:12     ; 1.0                     ; 932 MB              ; 00:00:10                           ;
; Total                     ; 00:08:50     ; --                      ; --                  ; 00:12:01                           ;
+---------------------------+--------------+-------------------------+---------------------+------------------------------------+


+----------------------------------------------------------------------------------------+
; Flow OS Summary                                                                        ;
+---------------------------+------------------+-----------+------------+----------------+
; Module Name               ; Machine Hostname ; OS Name   ; OS Version ; Processor type ;
+---------------------------+------------------+-----------+------------+----------------+
; Analysis & Synthesis      ; DESKTOP-MBRBONK  ; Windows 8 ; 6.2        ; x86_64         ;
; Fitter                    ; DESKTOP-MBRBONK  ; Windows 8 ; 6.2        ; x86_64         ;
; Assembler                 ; DESKTOP-MBRBONK  ; Windows 8 ; 6.2        ; x86_64         ;
; TimeQuest Timing Analyzer ; DESKTOP-MBRBONK  ; Windows 8 ; 6.2        ; x86_64         ;
; EDA Netlist Writer        ; DESKTOP-MBRBONK  ; Windows 8 ; 6.2        ; x86_64         ;
+---------------------------+------------------+-----------+------------+----------------+


------------
; Flow Log ;
------------
quartus_map --read_settings_files=on --write_settings_files=off Demostracao_Altera -c Demostracao_Altera
quartus_fit --read_settings_files=off --write_settings_files=off Demostracao_Altera -c Demostracao_Altera
quartus_asm --read_settings_files=off --write_settings_files=off Demostracao_Altera -c Demostracao_Altera
quartus_sta Demostracao_Altera -c Demostracao_Altera
quartus_eda --read_settings_files=off --write_settings_files=off Demostracao_Altera -c Demostracao_Altera



